# JRE version: Java(TM) SE Runtime Environment (21.0.11+9) (build 21.0.11+9-LTS-211)
# Java VM: Java HotSpot(TM) 64-Bit Server VM (21.0.11+9-LTS-211, mixed mode, sharing, tiered, compressed oops, compressed class ptrs, g1 gc, windows-amd64)
GC Precious Log:
 CardTable entry size: 512
 Card Set container configuration: InlinePtr #cards 5 size 8 Array Of Cards #cards 12 size 40 Howl #buckets 4 coarsen threshold 1843 Howl Bitmap #cards 512 size 80 coarsen threshold 460 Card regions per heap region 1 cards per card region 2048
 CPUs: 4 total, 4 available
 Memory: 3993M
 Large Page Support: Disabled
 NUMA Support: Disabled
 Compressed Oops: Enabled (32-bit)
 Heap Region Size: 1M
 Heap Min Capacity: 8M
 Heap Initial Capacity: 64M
 Heap Max Capacity: 1000M
 Pre-touch: Disabled
 Parallel Workers: 4
 Concurrent Workers: 1
 Concurrent Refinement Workers: 4
 Periodic GC: Disabled
Heap:
 garbage-first heap   total 53248K, used 51689K [0x00000000c1800000, 0x0000000100000000)
  region size 1024K, 22 young (22528K), 5 survivors (5120K)
 Metaspace       used 27480K, committed 27840K, reserved 1114112K
  class space    used 3174K, committed 3328K, reserved 1048576K
GC Heap History (8 events):
Event: 1.481 GC heap before
{Heap before GC invocations=0 (full 0):
 garbage-first heap   total 65536K, used 13312K [0x00000000c1800000, 0x0000000100000000)
  region size 1024K, 13 young (13312K), 0 survivors (0K)
 Metaspace       used 5167K, committed 5312K, reserved 1114112K
  class space    used 636K, committed 704K, reserved 1048576K
}
Event: 1.507 GC heap after
{Heap after GC invocations=1 (full 0):
 garbage-first heap   total 65536K, used 3456K [0x00000000c1800000, 0x0000000100000000)
  region size 1024K, 2 young (2048K), 2 survivors (2048K)
 Metaspace       used 5167K, committed 5312K, reserved 1114112K
  class space    used 636K, committed 704K, reserved 1048576K
}
Event: 2.479 GC heap before
{Heap before GC invocations=1 (full 0):
 garbage-first heap   total 65536K, used 18816K [0x00000000c1800000, 0x0000000100000000)
  region size 1024K, 17 young (17408K), 2 survivors (2048K)
 Metaspace       used 9589K, committed 9728K, reserved 1114112K
  class space    used 1116K, committed 1216K, reserved 1048576K
}
Event: 2.488 GC heap after
{Heap after GC invocations=2 (full 0):
 garbage-first heap   total 65536K, used 5441K [0x00000000c1800000, 0x0000000100000000)
  region size 1024K, 2 young (2048K), 2 survivors (2048K)
 Metaspace       used 9589K, committed 9728K, reserved 1114112K
  class space    used 1116K, committed 1216K, reserved 1048576K
}
Event: 7.288 GC heap before
{Heap before GC invocations=2 (full 0):
 garbage-first heap   total 65536K, used 41281K [0x00000000c1800000, 0x0000000100000000)
  region size 1024K, 38 young (38912K), 2 survivors (2048K)
 Metaspace       used 15809K, committed 16064K, reserved 1114112K
  class space    used 1781K, committed 1920K, reserved 1048576K
}
Event: 7.301 GC heap after
{Heap after GC invocations=3 (full 0):
 garbage-first heap   total 65536K, used 8731K [0x00000000c1800000, 0x0000000100000000)
  region size 1024K, 5 young (5120K), 5 survivors (5120K)
 Metaspace       used 15809K, committed 16064K, reserved 1114112K
  class space    used 1781K, committed 1920K, reserved 1048576K
}
Event: 8.953 GC heap before
{Heap before GC invocations=3 (full 0):
 garbage-first heap   total 65536K, used 34331K [0x00000000c1800000, 0x0000000100000000)
  region size 1024K, 32 young (32768K), 5 survivors (5120K)
 Metaspace       used 21261K, committed 21504K, reserved 1114112K
  class space    used 2415K, committed 2560K, reserved 1048576K
}
Event: 8.977 GC heap after
{Heap after GC invocations=4 (full 0):
 garbage-first heap   total 65536K, used 13162K [0x00000000c1800000, 0x0000000100000000)
  region size 1024K, 5 young (5120K), 5 survivors (5120K)
 Metaspace       used 21261K, committed 21504K, reserved 1114112K
  class space    used 2415K, committed 2560K, reserved 1048576K
}

